Using pre-set license
Built from '2020.3/staging' branch; Version is '2020.3.6f1 (338bb68529b2) revision 3378102'; Using compiler version '192528614'; Build Type 'Release'
OS: 'Windows 10 Home; OS build 19042.1288; Version 2009; 64bit' Language: 'ja' Physical Memory: 16315 MB
BatchMode: 1, IsHumanControllingUs: 0, StartBugReporterOnCrash: 0, Is64bit: 1, IsPro: 0

 COMMAND LINE ARGUMENTS:
C:\Program Files\Unity\Hub\Editor\2020.3.6f1\Editor\Unity.exe
-adb2
-batchMode
-noUpm
-name
AssetImportWorker0
-projectPath
C:/Users/qptm0/Desktop/TOUFU
-logFile
Logs/AssetImportWorker0.log
-srvPort
59831
Successfully changed project path to: C:/Users/qptm0/Desktop/TOUFU
C:/Users/qptm0/Desktop/TOUFU
Using Asset Import Pipeline V2.
Refreshing native plugins compatible for Editor in 32.15 ms, found 1 plugins.
Preloading 0 native plugins for Editor in 0.00 ms.
Initialize engine version: 2020.3.6f1 (338bb68529b2)
[Subsystems] Discovering subsystems at path C:/Program Files/Unity/Hub/Editor/2020.3.6f1/Editor/Data/Resources/UnitySubsystems
[Subsystems] Discovering subsystems at path C:/Users/qptm0/Desktop/TOUFU/Assets
GfxDevice: creating device client; threaded=0
Direct3D:
    Version:  Direct3D 11.0 [level 11.1]
    Renderer: NVIDIA GeForce RTX 2070 SUPER (ID=0x1e84)
    Vendor:   
    VRAM:     8011 MB
    Driver:   27.21.14.5671
Initialize mono
Mono path[0] = 'C:/Program Files/Unity/Hub/Editor/2020.3.6f1/Editor/Data/Managed'
Mono path[1] = 'C:/Program Files/Unity/Hub/Editor/2020.3.6f1/Editor/Data/MonoBleedingEdge/lib/mono/unityjit'
Mono config path = 'C:/Program Files/Unity/Hub/Editor/2020.3.6f1/Editor/Data/MonoBleedingEdge/etc'
Using monoOptions --debugger-agent=transport=dt_socket,embedding=1,server=y,suspend=n,address=127.0.0.1:56540
Begin MonoManager ReloadAssembly
Registering precompiled unity dll's ...
Register platform support module: C:/Program Files/Unity/Hub/Editor/2020.3.6f1/Editor/Data/PlaybackEngines/WebGLSupport/UnityEditor.WebGL.Extensions.dll
Register platform support module: C:/Program Files/Unity/Hub/Editor/2020.3.6f1/Editor/Data/PlaybackEngines/WindowsStandaloneSupport/UnityEditor.WindowsStandalone.Extensions.dll
Registered in 0.002316 seconds.
Native extension for WindowsStandalone target not found
Native extension for WebGL target not found
Refreshing native plugins compatible for Editor in 32.33 ms, found 1 plugins.
Preloading 0 native plugins for Editor in 0.00 ms.
Mono: successfully reloaded assembly
- Completed reload, in  1.650 seconds
Platform modules already initialized, skipping
Registering precompiled user dll's ...
Registered in 0.000777 seconds.
Begin MonoManager ReloadAssembly
Native extension for WindowsStandalone target not found
Native extension for WebGL target not found
Refreshing native plugins compatible for Editor in 32.84 ms, found 1 plugins.
Preloading 0 native plugins for Editor in 0.00 ms.
Mono: successfully reloaded assembly
- Completed reload, in  0.808 seconds
Platform modules already initialized, skipping
========================================================================
Worker process is ready to serve import requests
Launched and connected shader compiler UnityShaderCompiler.exe after 0.04 seconds
Refreshing native plugins compatible for Editor in 0.39 ms, found 1 plugins.
Preloading 0 native plugins for Editor in 0.00 ms.
Unloading 1814 Unused Serialized files (Serialized files now loaded: 0)
System memory in use before: 87.9 MB.
System memory in use after: 87.8 MB.

Unloading 24 unused Assets to reduce memory usage. Loaded Objects now: 2258.
Total: 3.669400 ms (FindLiveObjects: 0.775700 ms CreateObjectMapping: 0.130000 ms MarkObjects: 2.532400 ms  DeleteObjects: 0.225400 ms)

========================================================================
Received Import Request.
  path: Assets/unatarou.prefab
  artifactKey: Guid(ce814d400a7fc544a915ff1e1f1a4824) Importer(815301076,1909f56bfc062723c751e8b465ee728b)
Start importing Assets/unatarou.prefab using Guid(ce814d400a7fc544a915ff1e1f1a4824) Importer(815301076,1909f56bfc062723c751e8b465ee728b)  -> (artifact id: 'cf50a3a6228903fdf37426f0b5b3e8bc') in 0.081801 seconds
  Import took 0.085214 seconds .

========================================================================
Received Import Request.
  Time since last request: 47.393544 seconds.
  path: Assets/ant spider.png
  artifactKey: Guid(f3ca217f567681845af5544f6095b926) Importer(815301076,1909f56bfc062723c751e8b465ee728b)
Start importing Assets/ant spider.png using Guid(f3ca217f567681845af5544f6095b926) Importer(815301076,1909f56bfc062723c751e8b465ee728b)  -> (artifact id: '1408ab4ea14e81915e8067aaff7b72cc') in 0.036439 seconds
  Import took 0.039793 seconds .

========================================================================
Received Import Request.
  Time since last request: 49.185673 seconds.
  path: Assets/ant spider.prefab
  artifactKey: Guid(9c6d40293a7c63647a60c1e668b7b585) Importer(815301076,1909f56bfc062723c751e8b465ee728b)
Start importing Assets/ant spider.prefab using Guid(9c6d40293a7c63647a60c1e668b7b585) Importer(815301076,1909f56bfc062723c751e8b465ee728b)  -> (artifact id: '4a01c12108040c46e3cdcd83398256fb') in 0.004766 seconds
  Import took 0.007959 seconds .

========================================================================
Received Import Request.
  Time since last request: 0.010105 seconds.
  path: Assets/ant spider.prefab
  artifactKey: Guid(9c6d40293a7c63647a60c1e668b7b585) Importer(815301076,1909f56bfc062723c751e8b465ee728b)
Start importing Assets/ant spider.prefab using Guid(9c6d40293a7c63647a60c1e668b7b585) Importer(815301076,1909f56bfc062723c751e8b465ee728b)  -> (artifact id: '4a01c12108040c46e3cdcd83398256fb') in 0.004701 seconds
  Import took 0.007727 seconds .

========================================================================
Received Import Request.
  Time since last request: 70.649180 seconds.
  path: Assets/pixil-frame-0.png
  artifactKey: Guid(7ed1d3d4ec361834786edede293397d4) Importer(815301076,1909f56bfc062723c751e8b465ee728b)
Start importing Assets/pixil-frame-0.png using Guid(7ed1d3d4ec361834786edede293397d4) Importer(815301076,1909f56bfc062723c751e8b465ee728b)  -> (artifact id: '0de8f7b9cddc6f21a8fb3d81a0c68b64') in 0.018462 seconds
  Import took 0.021634 seconds .

========================================================================
Received Import Request.
  Time since last request: 185.526448 seconds.
  path: Assets/ant spaider.prefab
  artifactKey: Guid(bb79c5c8bde84184ead1cd7e99b5e5df) Importer(815301076,1909f56bfc062723c751e8b465ee728b)
Start importing Assets/ant spaider.prefab using Guid(bb79c5c8bde84184ead1cd7e99b5e5df) Importer(815301076,1909f56bfc062723c751e8b465ee728b)  -> (artifact id: 'cd6bbcd7349dcd1399000266dc51a651') in 0.015789 seconds
  Import took 0.019690 seconds .

========================================================================
Received Import Request.
  Time since last request: 18.548126 seconds.
  path: Assets/ant spaider.prefab
  artifactKey: Guid(bb79c5c8bde84184ead1cd7e99b5e5df) Importer(815301076,1909f56bfc062723c751e8b465ee728b)
Start importing Assets/ant spaider.prefab using Guid(bb79c5c8bde84184ead1cd7e99b5e5df) Importer(815301076,1909f56bfc062723c751e8b465ee728b)  -> (artifact id: 'c29437e9726b541669e9ddf8c9784fe3') in 0.010340 seconds
  Import took 0.013722 seconds .

========================================================================
Received Import Request.
  Time since last request: 0.007422 seconds.
  path: Assets/ant spaider.prefab
  artifactKey: Guid(bb79c5c8bde84184ead1cd7e99b5e5df) Importer(815301076,1909f56bfc062723c751e8b465ee728b)
Start importing Assets/ant spaider.prefab using Guid(bb79c5c8bde84184ead1cd7e99b5e5df) Importer(815301076,1909f56bfc062723c751e8b465ee728b)  -> (artifact id: 'c29437e9726b541669e9ddf8c9784fe3') in 0.008189 seconds
  Import took 0.011411 seconds .

========================================================================
Received Import Request.
  Time since last request: 8.852204 seconds.
  path: Assets/ant spaider.prefab
  artifactKey: Guid(bb79c5c8bde84184ead1cd7e99b5e5df) Importer(815301076,1909f56bfc062723c751e8b465ee728b)
Start importing Assets/ant spaider.prefab using Guid(bb79c5c8bde84184ead1cd7e99b5e5df) Importer(815301076,1909f56bfc062723c751e8b465ee728b)  -> (artifact id: '1067f30007699f96d97babbd53fccef7') in 0.008571 seconds
  Import took 0.012039 seconds .

========================================================================
Received Import Request.
  Time since last request: 0.015866 seconds.
  path: Assets/ant spaider.prefab
  artifactKey: Guid(bb79c5c8bde84184ead1cd7e99b5e5df) Importer(815301076,1909f56bfc062723c751e8b465ee728b)
Start importing Assets/ant spaider.prefab using Guid(bb79c5c8bde84184ead1cd7e99b5e5df) Importer(815301076,1909f56bfc062723c751e8b465ee728b)  -> (artifact id: '1067f30007699f96d97babbd53fccef7') in 0.015024 seconds
  Import took 0.018772 seconds .

========================================================================
Received Prepare
Registering precompiled user dll's ...
Registered in 0.001334 seconds.
Begin MonoManager ReloadAssembly
Native extension for WindowsStandalone target not found
Native extension for WebGL target not found
Refreshing native plugins compatible for Editor in 0.44 ms, found 1 plugins.
Preloading 0 native plugins for Editor in 0.00 ms.
Mono: successfully reloaded assembly
- Completed reload, in  0.727 seconds
Platform modules already initialized, skipping
Refreshing native plugins compatible for Editor in 0.48 ms, found 1 plugins.
Preloading 0 native plugins for Editor in 0.00 ms.
Unloading 1809 Unused Serialized files (Serialized files now loaded: 0)
System memory in use before: 91.0 MB.
System memory in use after: 90.9 MB.

Unloading 12 unused Assets to reduce memory usage. Loaded Objects now: 2271.
Total: 2.749600 ms (FindLiveObjects: 0.633500 ms CreateObjectMapping: 0.070200 ms MarkObjects: 1.919000 ms  DeleteObjects: 0.123500 ms)

========================================================================
Received Prepare
Registering precompiled user dll's ...
Registered in 0.001081 seconds.
Begin MonoManager ReloadAssembly
Native extension for WindowsStandalone target not found
Native extension for WebGL target not found
Refreshing native plugins compatible for Editor in 0.47 ms, found 1 plugins.
Preloading 0 native plugins for Editor in 0.00 ms.
Mono: successfully reloaded assembly
- Completed reload, in  0.714 seconds
Platform modules already initialized, skipping
Refreshing native plugins compatible for Editor in 0.67 ms, found 1 plugins.
Preloading 0 native plugins for Editor in 0.00 ms.
Unloading 1809 Unused Serialized files (Serialized files now loaded: 0)
System memory in use before: 91.0 MB.
System memory in use after: 91.0 MB.

Unloading 12 unused Assets to reduce memory usage. Loaded Objects now: 2275.
Total: 2.067700 ms (FindLiveObjects: 0.224600 ms CreateObjectMapping: 0.041200 ms MarkObjects: 1.687700 ms  DeleteObjects: 0.112800 ms)

========================================================================
Received Prepare
Registering precompiled user dll's ...
Registered in 0.000960 seconds.
Begin MonoManager ReloadAssembly
Native extension for WindowsStandalone target not found
Native extension for WebGL target not found
Refreshing native plugins compatible for Editor in 0.42 ms, found 1 plugins.
Preloading 0 native plugins for Editor in 0.00 ms.
Mono: successfully reloaded assembly
- Completed reload, in  0.729 seconds
Platform modules already initialized, skipping
Refreshing native plugins compatible for Editor in 0.42 ms, found 1 plugins.
Preloading 0 native plugins for Editor in 0.00 ms.
Unloading 1809 Unused Serialized files (Serialized files now loaded: 0)
System memory in use before: 91.0 MB.
System memory in use after: 91.0 MB.

Unloading 12 unused Assets to reduce memory usage. Loaded Objects now: 2279.
Total: 3.757200 ms (FindLiveObjects: 0.974900 ms CreateObjectMapping: 0.106900 ms MarkObjects: 2.513200 ms  DeleteObjects: 0.159900 ms)

========================================================================
Received Import Request.
  Time since last request: 409.649151 seconds.
  path: Assets/images
  artifactKey: Guid(2a05f6faec354744397e04555c245409) Importer(815301076,1909f56bfc062723c751e8b465ee728b)
Start importing Assets/images using Guid(2a05f6faec354744397e04555c245409) Importer(815301076,1909f56bfc062723c751e8b465ee728b)  -> (artifact id: 'de0cc747f00383fc76bdade9677188bc') in 0.008910 seconds
  Import took 0.014206 seconds .

========================================================================
Received Import Request.
  Time since last request: 46.971952 seconds.
  path: Assets/prefabs
  artifactKey: Guid(c13d90e86de7adb49a5360638f482021) Importer(815301076,1909f56bfc062723c751e8b465ee728b)
Start importing Assets/prefabs using Guid(c13d90e86de7adb49a5360638f482021) Importer(815301076,1909f56bfc062723c751e8b465ee728b)  -> (artifact id: '80368e961ac6d0ccc6b975f3b159e8b7') in 0.007684 seconds
  Import took 0.010819 seconds .

========================================================================
Received Import Request.
  Time since last request: 15.532853 seconds.
  path: Assets/prefabs/New Folder
  artifactKey: Guid(0997462799891f04ab1044bca1cfde1f) Importer(815301076,1909f56bfc062723c751e8b465ee728b)
Start importing Assets/prefabs/New Folder using Guid(0997462799891f04ab1044bca1cfde1f) Importer(815301076,1909f56bfc062723c751e8b465ee728b)  -> (artifact id: '7e2364a320cb4f6dbdf090163e50afe3') in 0.007368 seconds
  Import took 0.010813 seconds .

========================================================================
Received Import Request.
  Time since last request: 25.890538 seconds.
  path: Assets/scripts
  artifactKey: Guid(11b004967899f604bb906e234588a40e) Importer(815301076,1909f56bfc062723c751e8b465ee728b)
Start importing Assets/scripts using Guid(11b004967899f604bb906e234588a40e) Importer(815301076,1909f56bfc062723c751e8b465ee728b)  -> (artifact id: '9c049264fe32a9359cf4473cbeab03c4') in 0.007254 seconds
  Import took 0.010260 seconds .

========================================================================
Received Prepare
Registering precompiled user dll's ...
Registered in 0.001293 seconds.
Begin MonoManager ReloadAssembly
Native extension for WindowsStandalone target not found
Native extension for WebGL target not found
Refreshing native plugins compatible for Editor in 0.95 ms, found 1 plugins.
Preloading 0 native plugins for Editor in 0.00 ms.
Mono: successfully reloaded assembly
- Completed reload, in  0.777 seconds
Platform modules already initialized, skipping
Refreshing native plugins compatible for Editor in 0.49 ms, found 1 plugins.
Preloading 0 native plugins for Editor in 0.00 ms.
Unloading 1809 Unused Serialized files (Serialized files now loaded: 0)
System memory in use before: 91.0 MB.
System memory in use after: 91.0 MB.

Unloading 12 unused Assets to reduce memory usage. Loaded Objects now: 2283.
Total: 3.096600 ms (FindLiveObjects: 0.738200 ms CreateObjectMapping: 0.074100 ms MarkObjects: 2.158200 ms  DeleteObjects: 0.123700 ms)

========================================================================
Received Prepare
Registering precompiled user dll's ...
Registered in 0.001182 seconds.
Begin MonoManager ReloadAssembly
Native extension for WindowsStandalone target not found
Native extension for WebGL target not found
Refreshing native plugins compatible for Editor in 0.41 ms, found 1 plugins.
Preloading 0 native plugins for Editor in 0.00 ms.
Mono: successfully reloaded assembly
- Completed reload, in  0.737 seconds
Platform modules already initialized, skipping
Refreshing native plugins compatible for Editor in 0.42 ms, found 1 plugins.
Preloading 0 native plugins for Editor in 0.00 ms.
Unloading 1809 Unused Serialized files (Serialized files now loaded: 0)
System memory in use before: 91.0 MB.
System memory in use after: 91.0 MB.

Unloading 12 unused Assets to reduce memory usage. Loaded Objects now: 2287.
Total: 1.937900 ms (FindLiveObjects: 0.235400 ms CreateObjectMapping: 0.041400 ms MarkObjects: 1.539600 ms  DeleteObjects: 0.120800 ms)

========================================================================
Received Prepare
Registering precompiled user dll's ...
Registered in 0.000924 seconds.
Begin MonoManager ReloadAssembly
Native extension for WindowsStandalone target not found
Native extension for WebGL target not found
Refreshing native plugins compatible for Editor in 0.40 ms, found 1 plugins.
Preloading 0 native plugins for Editor in 0.00 ms.
Mono: successfully reloaded assembly
- Completed reload, in  0.725 seconds
Platform modules already initialized, skipping
Refreshing native plugins compatible for Editor in 0.42 ms, found 1 plugins.
Preloading 0 native plugins for Editor in 0.00 ms.
Unloading 1809 Unused Serialized files (Serialized files now loaded: 0)
System memory in use before: 91.1 MB.
System memory in use after: 91.0 MB.

Unloading 12 unused Assets to reduce memory usage. Loaded Objects now: 2291.
Total: 3.135800 ms (FindLiveObjects: 0.574700 ms CreateObjectMapping: 0.043700 ms MarkObjects: 2.392200 ms  DeleteObjects: 0.123900 ms)

========================================================================
Received Prepare
Registering precompiled user dll's ...
Registered in 0.000949 seconds.
Begin MonoManager ReloadAssembly
Native extension for WindowsStandalone target not found
Native extension for WebGL target not found
Refreshing native plugins compatible for Editor in 0.44 ms, found 1 plugins.
Preloading 0 native plugins for Editor in 0.00 ms.
Mono: successfully reloaded assembly
- Completed reload, in  0.724 seconds
Platform modules already initialized, skipping
Refreshing native plugins compatible for Editor in 0.76 ms, found 1 plugins.
Preloading 0 native plugins for Editor in 0.00 ms.
Unloading 1809 Unused Serialized files (Serialized files now loaded: 0)
System memory in use before: 91.1 MB.
System memory in use after: 91.0 MB.

Unloading 12 unused Assets to reduce memory usage. Loaded Objects now: 2295.
Total: 2.042300 ms (FindLiveObjects: 0.249000 ms CreateObjectMapping: 0.043600 ms MarkObjects: 1.628400 ms  DeleteObjects: 0.120200 ms)

========================================================================
Received Prepare
Registering precompiled user dll's ...
Registered in 0.001066 seconds.
Begin MonoManager ReloadAssembly
Native extension for WindowsStandalone target not found
Native extension for WebGL target not found
Refreshing native plugins compatible for Editor in 0.48 ms, found 1 plugins.
Preloading 0 native plugins for Editor in 0.00 ms.
Mono: successfully reloaded assembly
- Completed reload, in  0.731 seconds
Platform modules already initialized, skipping
Refreshing native plugins compatible for Editor in 0.41 ms, found 1 plugins.
Preloading 0 native plugins for Editor in 0.00 ms.
Unloading 1809 Unused Serialized files (Serialized files now loaded: 0)
System memory in use before: 91.1 MB.
System memory in use after: 91.0 MB.

Unloading 12 unused Assets to reduce memory usage. Loaded Objects now: 2299.
Total: 2.296700 ms (FindLiveObjects: 0.231400 ms CreateObjectMapping: 0.042600 ms MarkObjects: 1.897100 ms  DeleteObjects: 0.124100 ms)

========================================================================
Received Prepare
Registering precompiled user dll's ...
Registered in 0.001430 seconds.
Begin MonoManager ReloadAssembly
Native extension for WindowsStandalone target not found
Native extension for WebGL target not found
Refreshing native plugins compatible for Editor in 0.41 ms, found 1 plugins.
Preloading 0 native plugins for Editor in 0.00 ms.
Mono: successfully reloaded assembly
- Completed reload, in  0.715 seconds
Platform modules already initialized, skipping
Refreshing native plugins compatible for Editor in 0.44 ms, found 1 plugins.
Preloading 0 native plugins for Editor in 0.00 ms.
Unloading 1809 Unused Serialized files (Serialized files now loaded: 0)
System memory in use before: 91.1 MB.
System memory in use after: 91.1 MB.

Unloading 12 unused Assets to reduce memory usage. Loaded Objects now: 2303.
Total: 2.833800 ms (FindLiveObjects: 0.473000 ms CreateObjectMapping: 0.063400 ms MarkObjects: 2.165400 ms  DeleteObjects: 0.129700 ms)

========================================================================
Received Import Request.
  Time since last request: 61.530414 seconds.
  path: Assets/animation
  artifactKey: Guid(912e11a45bb11d3418d6b86c1d05df72) Importer(815301076,1909f56bfc062723c751e8b465ee728b)
Start importing Assets/animation using Guid(912e11a45bb11d3418d6b86c1d05df72) Importer(815301076,1909f56bfc062723c751e8b465ee728b)  -> (artifact id: 'cc489328c4cca7deea325c964eff801d') in 0.009879 seconds
  Import took 0.013089 seconds .

========================================================================
Received Import Request.
  Time since last request: 34.673943 seconds.
  path: Assets/prefabs/ant spaider.prefab
  artifactKey: Guid(bb79c5c8bde84184ead1cd7e99b5e5df) Importer(815301076,1909f56bfc062723c751e8b465ee728b)
Start importing Assets/prefabs/ant spaider.prefab using Guid(bb79c5c8bde84184ead1cd7e99b5e5df) Importer(815301076,1909f56bfc062723c751e8b465ee728b)  -> (artifact id: 'a8ef90b19e5c00a94f92d7ddce04c35e') in 0.062216 seconds
  Import took 0.065416 seconds .

========================================================================
Received Import Request.
  Time since last request: 1.125188 seconds.
  path: Assets/prefabs/ant spaider.prefab
  artifactKey: Guid(bb79c5c8bde84184ead1cd7e99b5e5df) Importer(815301076,1909f56bfc062723c751e8b465ee728b)
Start importing Assets/prefabs/ant spaider.prefab using Guid(bb79c5c8bde84184ead1cd7e99b5e5df) Importer(815301076,1909f56bfc062723c751e8b465ee728b)  -> (artifact id: 'ba4d15b74da9422a2f80223af6513533') in 0.009434 seconds
  Import took 0.012500 seconds .

========================================================================
Received Import Request.
  Time since last request: 8.448378 seconds.
  path: Assets/prefabs/ant spaider.prefab
  artifactKey: Guid(bb79c5c8bde84184ead1cd7e99b5e5df) Importer(815301076,1909f56bfc062723c751e8b465ee728b)
Start importing Assets/prefabs/ant spaider.prefab using Guid(bb79c5c8bde84184ead1cd7e99b5e5df) Importer(815301076,1909f56bfc062723c751e8b465ee728b)  -> (artifact id: '4ecbbfd753f97a26486638a97ff6e10f') in 0.011964 seconds
  Import took 0.015658 seconds .

========================================================================
Received Import Request.
  Time since last request: 17.415164 seconds.
  path: Assets/prefabs/ant spaider.prefab
  artifactKey: Guid(bb79c5c8bde84184ead1cd7e99b5e5df) Importer(815301076,1909f56bfc062723c751e8b465ee728b)
Start importing Assets/prefabs/ant spaider.prefab using Guid(bb79c5c8bde84184ead1cd7e99b5e5df) Importer(815301076,1909f56bfc062723c751e8b465ee728b)  -> (artifact id: '63b7249f614c6e4d22943480fad64b80') in 0.009376 seconds
  Import took 0.012538 seconds .

========================================================================
Received Import Request.
  Time since last request: 25.948439 seconds.
  path: Assets/prefabs/ant spaider.prefab
  artifactKey: Guid(bb79c5c8bde84184ead1cd7e99b5e5df) Importer(815301076,1909f56bfc062723c751e8b465ee728b)
Start importing Assets/prefabs/ant spaider.prefab using Guid(bb79c5c8bde84184ead1cd7e99b5e5df) Importer(815301076,1909f56bfc062723c751e8b465ee728b)  -> (artifact id: '0339657812e3dbd455eeebd157b5e8ca') in 0.008971 seconds
  Import took 0.012996 seconds .

========================================================================
Received Import Request.
  Time since last request: 2.610966 seconds.
  path: Assets/prefabs/ant spaider.prefab
  artifactKey: Guid(bb79c5c8bde84184ead1cd7e99b5e5df) Importer(815301076,1909f56bfc062723c751e8b465ee728b)
Start importing Assets/prefabs/ant spaider.prefab using Guid(bb79c5c8bde84184ead1cd7e99b5e5df) Importer(815301076,1909f56bfc062723c751e8b465ee728b)  -> (artifact id: '27eef61c3043af6e9ffb50bee71a5bd7') in 0.007421 seconds
  Import took 0.010432 seconds .

========================================================================
Received Import Request.
  Time since last request: 404.416466 seconds.
  path: Assets/prefabs/ant spaider.prefab
  artifactKey: Guid(bb79c5c8bde84184ead1cd7e99b5e5df) Importer(815301076,1909f56bfc062723c751e8b465ee728b)
Start importing Assets/prefabs/ant spaider.prefab using Guid(bb79c5c8bde84184ead1cd7e99b5e5df) Importer(815301076,1909f56bfc062723c751e8b465ee728b)  -> (artifact id: '3a139fa6af324cbcaa87c3e5ea2a4bcf') in 0.008916 seconds
  Import took 0.012696 seconds .

========================================================================
Received Import Request.
  Time since last request: 2.738629 seconds.
  path: Assets/prefabs/pixil-frame-0.prefab
  artifactKey: Guid(4d418afa0e2eaba4cb2e62fbc2795167) Importer(815301076,1909f56bfc062723c751e8b465ee728b)
Start importing Assets/prefabs/pixil-frame-0.prefab using Guid(4d418afa0e2eaba4cb2e62fbc2795167) Importer(815301076,1909f56bfc062723c751e8b465ee728b)  -> (artifact id: '1fad49cbaf5cb79bf3319afed32cba63') in 0.012700 seconds
  Import took 0.016759 seconds .

========================================================================
Received Import Request.
  Time since last request: 18.840433 seconds.
  path: Assets/prefabs/pixil-frame-0.prefab
  artifactKey: Guid(4d418afa0e2eaba4cb2e62fbc2795167) Importer(815301076,1909f56bfc062723c751e8b465ee728b)
Start importing Assets/prefabs/pixil-frame-0.prefab using Guid(4d418afa0e2eaba4cb2e62fbc2795167) Importer(815301076,1909f56bfc062723c751e8b465ee728b)  -> (artifact id: '2d3094516932a625672f55956ddae1a2') in 0.011766 seconds
  Import took 0.014902 seconds .

========================================================================
Received Import Request.
  Time since last request: 0.004602 seconds.
  path: Assets/prefabs/pixil-frame-0.prefab
  artifactKey: Guid(4d418afa0e2eaba4cb2e62fbc2795167) Importer(815301076,1909f56bfc062723c751e8b465ee728b)
Start importing Assets/prefabs/pixil-frame-0.prefab using Guid(4d418afa0e2eaba4cb2e62fbc2795167) Importer(815301076,1909f56bfc062723c751e8b465ee728b)  -> (artifact id: '2d3094516932a625672f55956ddae1a2') in 0.011693 seconds
  Import took 0.015626 seconds .

========================================================================
Received Prepare
Registering precompiled user dll's ...
Registered in 0.000869 seconds.
Begin MonoManager ReloadAssembly
Native extension for WindowsStandalone target not found
Native extension for WebGL target not found
Refreshing native plugins compatible for Editor in 0.46 ms, found 1 plugins.
Preloading 0 native plugins for Editor in 0.00 ms.
Mono: successfully reloaded assembly
- Completed reload, in  0.733 seconds
Platform modules already initialized, skipping
Refreshing native plugins compatible for Editor in 0.47 ms, found 1 plugins.
Preloading 0 native plugins for Editor in 0.00 ms.
Unloading 1809 Unused Serialized files (Serialized files now loaded: 0)
System memory in use before: 91.1 MB.
System memory in use after: 91.1 MB.

Unloading 12 unused Assets to reduce memory usage. Loaded Objects now: 2308.
Total: 3.140400 ms (FindLiveObjects: 0.665600 ms CreateObjectMapping: 0.082000 ms MarkObjects: 2.254500 ms  DeleteObjects: 0.135200 ms)

========================================================================
Received Prepare
Registering precompiled user dll's ...
Registered in 0.000928 seconds.
Begin MonoManager ReloadAssembly
Native extension for WindowsStandalone target not found
Native extension for WebGL target not found
Refreshing native plugins compatible for Editor in 0.45 ms, found 1 plugins.
Preloading 0 native plugins for Editor in 0.00 ms.
Mono: successfully reloaded assembly
- Completed reload, in  0.708 seconds
Platform modules already initialized, skipping
Refreshing native plugins compatible for Editor in 0.51 ms, found 1 plugins.
Preloading 0 native plugins for Editor in 0.00 ms.
Unloading 1808 Unused Serialized files (Serialized files now loaded: 0)
System memory in use before: 91.1 MB.
System memory in use after: 91.1 MB.

Unloading 13 unused Assets to reduce memory usage. Loaded Objects now: 2311.
Total: 2.504400 ms (FindLiveObjects: 0.299400 ms CreateObjectMapping: 0.045100 ms MarkObjects: 2.035600 ms  DeleteObjects: 0.123000 ms)

AssetImportWorkerClient::OnTransportError - code=2 error=End of file
