Using pre-set license
Built from '2020.3/staging' branch; Version is '2020.3.6f1 (338bb68529b2) revision 3378102'; Using compiler version '192528614'; Build Type 'Release'
OS: 'Windows 10 Home; OS build 19042.1237; Version 2009; 64bit' Language: 'ja' Physical Memory: 16315 MB
BatchMode: 1, IsHumanControllingUs: 0, StartBugReporterOnCrash: 0, Is64bit: 1, IsPro: 0

 COMMAND LINE ARGUMENTS:
C:\Program Files\Unity\Hub\Editor\2020.3.6f1\Editor\Unity.exe
-adb2
-batchMode
-noUpm
-name
AssetImportWorker0
-projectPath
C:/Users/qptm0/Desktop/TOUFU
-logFile
Logs/AssetImportWorker0.log
-srvPort
50742
Successfully changed project path to: C:/Users/qptm0/Desktop/TOUFU
C:/Users/qptm0/Desktop/TOUFU
Using Asset Import Pipeline V2.
Refreshing native plugins compatible for Editor in 32.26 ms, found 1 plugins.
Preloading 0 native plugins for Editor in 0.00 ms.
Initialize engine version: 2020.3.6f1 (338bb68529b2)
[Subsystems] Discovering subsystems at path C:/Program Files/Unity/Hub/Editor/2020.3.6f1/Editor/Data/Resources/UnitySubsystems
[Subsystems] Discovering subsystems at path C:/Users/qptm0/Desktop/TOUFU/Assets
GfxDevice: creating device client; threaded=0
Direct3D:
    Version:  Direct3D 11.0 [level 11.1]
    Renderer: NVIDIA GeForce RTX 2070 SUPER (ID=0x1e84)
    Vendor:   
    VRAM:     8011 MB
    Driver:   27.21.14.5671
Initialize mono
Mono path[0] = 'C:/Program Files/Unity/Hub/Editor/2020.3.6f1/Editor/Data/Managed'
Mono path[1] = 'C:/Program Files/Unity/Hub/Editor/2020.3.6f1/Editor/Data/MonoBleedingEdge/lib/mono/unityjit'
Mono config path = 'C:/Program Files/Unity/Hub/Editor/2020.3.6f1/Editor/Data/MonoBleedingEdge/etc'
Using monoOptions --debugger-agent=transport=dt_socket,embedding=1,server=y,suspend=n,address=127.0.0.1:56732
Begin MonoManager ReloadAssembly
Registering precompiled unity dll's ...
Register platform support module: C:/Program Files/Unity/Hub/Editor/2020.3.6f1/Editor/Data/PlaybackEngines/WebGLSupport/UnityEditor.WebGL.Extensions.dll
Register platform support module: C:/Program Files/Unity/Hub/Editor/2020.3.6f1/Editor/Data/PlaybackEngines/WindowsStandaloneSupport/UnityEditor.WindowsStandalone.Extensions.dll
Registered in 0.002053 seconds.
Native extension for WindowsStandalone target not found
Native extension for WebGL target not found
Refreshing native plugins compatible for Editor in 31.70 ms, found 1 plugins.
Preloading 0 native plugins for Editor in 0.00 ms.
Mono: successfully reloaded assembly
- Completed reload, in  1.666 seconds
Platform modules already initialized, skipping
Registering precompiled user dll's ...
Registered in 0.000748 seconds.
Begin MonoManager ReloadAssembly
Native extension for WindowsStandalone target not found
Native extension for WebGL target not found
Refreshing native plugins compatible for Editor in 30.78 ms, found 1 plugins.
Preloading 0 native plugins for Editor in 0.00 ms.
Mono: successfully reloaded assembly
- Completed reload, in  0.793 seconds
Platform modules already initialized, skipping
========================================================================
Worker process is ready to serve import requests
Launched and connected shader compiler UnityShaderCompiler.exe after 0.04 seconds
Refreshing native plugins compatible for Editor in 0.51 ms, found 1 plugins.
Preloading 0 native plugins for Editor in 0.00 ms.
Unloading 1811 Unused Serialized files (Serialized files now loaded: 0)
System memory in use before: 87.7 MB.
System memory in use after: 87.6 MB.

Unloading 24 unused Assets to reduce memory usage. Loaded Objects now: 2254.
Total: 2.407700 ms (FindLiveObjects: 0.266800 ms CreateObjectMapping: 0.043500 ms MarkObjects: 1.955100 ms  DeleteObjects: 0.140600 ms)

========================================================================
Received Import Request.
  path: Assets/Enemy.cs
  artifactKey: Guid(cc6728601176b7b4ab0920ee4025a514) Importer(815301076,1909f56bfc062723c751e8b465ee728b)
Start importing Assets/Enemy.cs using Guid(cc6728601176b7b4ab0920ee4025a514) Importer(815301076,1909f56bfc062723c751e8b465ee728b)  -> (artifact id: '60e4b0ffea558a10c1894b374980e119') in 0.025395 seconds
  Import took 0.028490 seconds .

========================================================================
Received Import Request.
  Time since last request: 35.658366 seconds.
  path: Assets/Enemy.cs
  artifactKey: Guid(cc6728601176b7b4ab0920ee4025a514) Importer(815301076,1909f56bfc062723c751e8b465ee728b)
Start importing Assets/Enemy.cs using Guid(cc6728601176b7b4ab0920ee4025a514) Importer(815301076,1909f56bfc062723c751e8b465ee728b)  -> (artifact id: '24d2ca1ec2bec7bc44ac3bc597e618d2') in 0.003115 seconds
  Import took 0.006086 seconds .

========================================================================
Received Prepare
Registering precompiled user dll's ...
Registered in 0.000838 seconds.
Begin MonoManager ReloadAssembly
Native extension for WindowsStandalone target not found
Native extension for WebGL target not found
Refreshing native plugins compatible for Editor in 0.42 ms, found 1 plugins.
Preloading 0 native plugins for Editor in 0.00 ms.
Mono: successfully reloaded assembly
- Completed reload, in  0.699 seconds
Platform modules already initialized, skipping
Refreshing native plugins compatible for Editor in 0.40 ms, found 1 plugins.
Preloading 0 native plugins for Editor in 0.00 ms.
Unloading 1806 Unused Serialized files (Serialized files now loaded: 0)
System memory in use before: 87.6 MB.
System memory in use after: 87.6 MB.

Unloading 12 unused Assets to reduce memory usage. Loaded Objects now: 2258.
Total: 1.909900 ms (FindLiveObjects: 0.237200 ms CreateObjectMapping: 0.039800 ms MarkObjects: 1.523300 ms  DeleteObjects: 0.108000 ms)

========================================================================
Received Prepare
Registering precompiled user dll's ...
Registered in 0.000958 seconds.
Begin MonoManager ReloadAssembly
Native extension for WindowsStandalone target not found
Native extension for WebGL target not found
Refreshing native plugins compatible for Editor in 0.46 ms, found 1 plugins.
Preloading 0 native plugins for Editor in 0.00 ms.
Mono: successfully reloaded assembly
- Completed reload, in  0.707 seconds
Platform modules already initialized, skipping
Refreshing native plugins compatible for Editor in 0.47 ms, found 1 plugins.
Preloading 0 native plugins for Editor in 0.00 ms.
Unloading 1806 Unused Serialized files (Serialized files now loaded: 0)
System memory in use before: 87.7 MB.
System memory in use after: 87.6 MB.

Unloading 12 unused Assets to reduce memory usage. Loaded Objects now: 2262.
Total: 2.061500 ms (FindLiveObjects: 0.230800 ms CreateObjectMapping: 0.040500 ms MarkObjects: 1.673900 ms  DeleteObjects: 0.114500 ms)

========================================================================
Received Prepare
Registering precompiled user dll's ...
Registered in 0.000939 seconds.
Begin MonoManager ReloadAssembly
Native extension for WindowsStandalone target not found
Native extension for WebGL target not found
Refreshing native plugins compatible for Editor in 0.48 ms, found 1 plugins.
Preloading 0 native plugins for Editor in 0.00 ms.
Mono: successfully reloaded assembly
- Completed reload, in  0.695 seconds
Platform modules already initialized, skipping
Refreshing native plugins compatible for Editor in 0.40 ms, found 1 plugins.
Preloading 0 native plugins for Editor in 0.00 ms.
Unloading 1806 Unused Serialized files (Serialized files now loaded: 0)
System memory in use before: 87.7 MB.
System memory in use after: 87.7 MB.

Unloading 12 unused Assets to reduce memory usage. Loaded Objects now: 2266.
Total: 3.255800 ms (FindLiveObjects: 0.871100 ms CreateObjectMapping: 0.180000 ms MarkObjects: 2.068400 ms  DeleteObjects: 0.134400 ms)

========================================================================
Received Prepare
Registering precompiled user dll's ...
Registered in 0.000852 seconds.
Begin MonoManager ReloadAssembly
Native extension for WindowsStandalone target not found
Native extension for WebGL target not found
Refreshing native plugins compatible for Editor in 0.45 ms, found 1 plugins.
Preloading 0 native plugins for Editor in 0.00 ms.
Mono: successfully reloaded assembly
- Completed reload, in  0.702 seconds
Platform modules already initialized, skipping
Refreshing native plugins compatible for Editor in 0.41 ms, found 1 plugins.
Preloading 0 native plugins for Editor in 0.00 ms.
Unloading 1806 Unused Serialized files (Serialized files now loaded: 0)
System memory in use before: 87.7 MB.
System memory in use after: 87.7 MB.

Unloading 12 unused Assets to reduce memory usage. Loaded Objects now: 2270.
Total: 1.859800 ms (FindLiveObjects: 0.218200 ms CreateObjectMapping: 0.039700 ms MarkObjects: 1.495100 ms  DeleteObjects: 0.105800 ms)

========================================================================
Received Prepare
Registering precompiled user dll's ...
Registered in 0.000813 seconds.
Begin MonoManager ReloadAssembly
Native extension for WindowsStandalone target not found
Native extension for WebGL target not found
Refreshing native plugins compatible for Editor in 0.48 ms, found 1 plugins.
Preloading 0 native plugins for Editor in 0.00 ms.
Mono: successfully reloaded assembly
- Completed reload, in  0.720 seconds
Platform modules already initialized, skipping
Refreshing native plugins compatible for Editor in 0.42 ms, found 1 plugins.
Preloading 0 native plugins for Editor in 0.00 ms.
Unloading 1806 Unused Serialized files (Serialized files now loaded: 0)
System memory in use before: 87.8 MB.
System memory in use after: 87.7 MB.

Unloading 12 unused Assets to reduce memory usage. Loaded Objects now: 2274.
Total: 4.111800 ms (FindLiveObjects: 0.875000 ms CreateObjectMapping: 0.058100 ms MarkObjects: 3.000100 ms  DeleteObjects: 0.154800 ms)

========================================================================
Received Import Request.
  Time since last request: 223.765844 seconds.
  path: Assets/Enemy.cs
  artifactKey: Guid(cc6728601176b7b4ab0920ee4025a514) Importer(815301076,1909f56bfc062723c751e8b465ee728b)
Start importing Assets/Enemy.cs using Guid(cc6728601176b7b4ab0920ee4025a514) Importer(815301076,1909f56bfc062723c751e8b465ee728b)  -> (artifact id: 'ac3d886c920369df09f740d51984ac97') in 0.005052 seconds
  Import took 0.008997 seconds .

========================================================================
Received Import Request.
  Time since last request: 0.002465 seconds.
  path: Assets/Enemy.cs
  artifactKey: Guid(cc6728601176b7b4ab0920ee4025a514) Importer(815301076,1909f56bfc062723c751e8b465ee728b)
Start importing Assets/Enemy.cs using Guid(cc6728601176b7b4ab0920ee4025a514) Importer(815301076,1909f56bfc062723c751e8b465ee728b)  -> (artifact id: 'ac3d886c920369df09f740d51984ac97') in 0.002344 seconds
  Import took 0.005052 seconds .

========================================================================
Received Prepare
Registering precompiled user dll's ...
Registered in 0.001059 seconds.
Begin MonoManager ReloadAssembly
Native extension for WindowsStandalone target not found
Native extension for WebGL target not found
Refreshing native plugins compatible for Editor in 0.42 ms, found 1 plugins.
Preloading 0 native plugins for Editor in 0.00 ms.
Mono: successfully reloaded assembly
- Completed reload, in  0.746 seconds
Platform modules already initialized, skipping
Refreshing native plugins compatible for Editor in 0.42 ms, found 1 plugins.
Preloading 0 native plugins for Editor in 0.00 ms.
Unloading 1807 Unused Serialized files (Serialized files now loaded: 0)
System memory in use before: 87.8 MB.
System memory in use after: 87.8 MB.

Unloading 12 unused Assets to reduce memory usage. Loaded Objects now: 2279.
Total: 2.770900 ms (FindLiveObjects: 0.284000 ms CreateObjectMapping: 0.052900 ms MarkObjects: 2.223200 ms  DeleteObjects: 0.209300 ms)

========================================================================
Received Import Request.
  Time since last request: 259.420311 seconds.
  path: Assets/PlayerCreate.cs
  artifactKey: Guid(80632924d63bb9e42884a153a72dc988) Importer(815301076,1909f56bfc062723c751e8b465ee728b)
Start importing Assets/PlayerCreate.cs using Guid(80632924d63bb9e42884a153a72dc988) Importer(815301076,1909f56bfc062723c751e8b465ee728b)  -> (artifact id: '9494d476eac8180e57eac7af30f96e00') in 0.009310 seconds
  Import took 0.012616 seconds .

========================================================================
Received Prepare
Registering precompiled user dll's ...
Registered in 0.001236 seconds.
Begin MonoManager ReloadAssembly
Native extension for WindowsStandalone target not found
Native extension for WebGL target not found
Refreshing native plugins compatible for Editor in 0.42 ms, found 1 plugins.
Preloading 0 native plugins for Editor in 0.00 ms.
Mono: successfully reloaded assembly
- Completed reload, in  0.729 seconds
Platform modules already initialized, skipping
Refreshing native plugins compatible for Editor in 0.41 ms, found 1 plugins.
Preloading 0 native plugins for Editor in 0.00 ms.
Unloading 1807 Unused Serialized files (Serialized files now loaded: 0)
System memory in use before: 87.8 MB.
System memory in use after: 87.8 MB.

Unloading 12 unused Assets to reduce memory usage. Loaded Objects now: 2283.
Total: 1.974800 ms (FindLiveObjects: 0.250100 ms CreateObjectMapping: 0.044400 ms MarkObjects: 1.567600 ms  DeleteObjects: 0.111500 ms)

========================================================================
Received Prepare
Registering precompiled user dll's ...
Registered in 0.000908 seconds.
Begin MonoManager ReloadAssembly
Native extension for WindowsStandalone target not found
Native extension for WebGL target not found
Refreshing native plugins compatible for Editor in 0.42 ms, found 1 plugins.
Preloading 0 native plugins for Editor in 0.00 ms.
Mono: successfully reloaded assembly
- Completed reload, in  0.740 seconds
Platform modules already initialized, skipping
Refreshing native plugins compatible for Editor in 0.41 ms, found 1 plugins.
Preloading 0 native plugins for Editor in 0.00 ms.
Unloading 1807 Unused Serialized files (Serialized files now loaded: 0)
System memory in use before: 87.8 MB.
System memory in use after: 87.8 MB.

Unloading 12 unused Assets to reduce memory usage. Loaded Objects now: 2287.
Total: 2.319200 ms (FindLiveObjects: 0.198700 ms CreateObjectMapping: 0.048600 ms MarkObjects: 1.943900 ms  DeleteObjects: 0.126700 ms)

========================================================================
Received Import Request.
  Time since last request: 1097.147978 seconds.
  path: Assets/PlayerCreate.cs
  artifactKey: Guid(80632924d63bb9e42884a153a72dc988) Importer(815301076,1909f56bfc062723c751e8b465ee728b)
Start importing Assets/PlayerCreate.cs using Guid(80632924d63bb9e42884a153a72dc988) Importer(815301076,1909f56bfc062723c751e8b465ee728b)  -> (artifact id: '7bce95d35cb2037358b3db84296cae83') in 0.005850 seconds
  Import took 0.008793 seconds .

========================================================================
Received Import Request.
  Time since last request: 34.056723 seconds.
  path: Assets/Player_0.prefab
  artifactKey: Guid(31259622ef13f61419371b928345ff04) Importer(815301076,1909f56bfc062723c751e8b465ee728b)
Start importing Assets/Player_0.prefab using Guid(31259622ef13f61419371b928345ff04) Importer(815301076,1909f56bfc062723c751e8b465ee728b)  -> (artifact id: '1aa01554c63a71dbc9e0509741bc8d77') in 0.082246 seconds
  Import took 0.085663 seconds .

========================================================================
Received Prepare
Registering precompiled user dll's ...
Registered in 0.001397 seconds.
Begin MonoManager ReloadAssembly
Native extension for WindowsStandalone target not found
Native extension for WebGL target not found
Refreshing native plugins compatible for Editor in 0.41 ms, found 1 plugins.
Preloading 0 native plugins for Editor in 0.00 ms.
Mono: successfully reloaded assembly
- Completed reload, in  0.752 seconds
Platform modules already initialized, skipping
Refreshing native plugins compatible for Editor in 0.49 ms, found 1 plugins.
Preloading 0 native plugins for Editor in 0.00 ms.
Unloading 1807 Unused Serialized files (Serialized files now loaded: 0)
System memory in use before: 90.9 MB.
System memory in use after: 90.9 MB.

Unloading 12 unused Assets to reduce memory usage. Loaded Objects now: 2298.
Total: 1.978400 ms (FindLiveObjects: 0.252400 ms CreateObjectMapping: 0.048600 ms MarkObjects: 1.569700 ms  DeleteObjects: 0.106800 ms)

========================================================================
Received Prepare
Registering precompiled user dll's ...
Registered in 0.000904 seconds.
Begin MonoManager ReloadAssembly
Native extension for WindowsStandalone target not found
Native extension for WebGL target not found
Refreshing native plugins compatible for Editor in 0.81 ms, found 1 plugins.
Preloading 0 native plugins for Editor in 0.00 ms.
Mono: successfully reloaded assembly
- Completed reload, in  0.734 seconds
Platform modules already initialized, skipping
Refreshing native plugins compatible for Editor in 0.41 ms, found 1 plugins.
Preloading 0 native plugins for Editor in 0.00 ms.
Unloading 1807 Unused Serialized files (Serialized files now loaded: 0)
System memory in use before: 90.9 MB.
System memory in use after: 90.9 MB.

Unloading 12 unused Assets to reduce memory usage. Loaded Objects now: 2302.
Total: 1.918200 ms (FindLiveObjects: 0.221800 ms CreateObjectMapping: 0.041600 ms MarkObjects: 1.538500 ms  DeleteObjects: 0.115000 ms)

========================================================================
Received Import Request.
  Time since last request: 194.820476 seconds.
  path: Assets/PlayerCreate.cs
  artifactKey: Guid(80632924d63bb9e42884a153a72dc988) Importer(815301076,1909f56bfc062723c751e8b465ee728b)
Start importing Assets/PlayerCreate.cs using Guid(80632924d63bb9e42884a153a72dc988) Importer(815301076,1909f56bfc062723c751e8b465ee728b)  -> (artifact id: '124ae179b0ba82464e8477c0c0449545') in 0.005075 seconds
  Import took 0.008466 seconds .

========================================================================
Received Import Request.
  Time since last request: 0.033127 seconds.
  path: Assets/PlayerCreate.cs
  artifactKey: Guid(80632924d63bb9e42884a153a72dc988) Importer(815301076,1909f56bfc062723c751e8b465ee728b)
Start importing Assets/PlayerCreate.cs using Guid(80632924d63bb9e42884a153a72dc988) Importer(815301076,1909f56bfc062723c751e8b465ee728b)  -> (artifact id: '124ae179b0ba82464e8477c0c0449545') in 0.002565 seconds
  Import took 0.005489 seconds .

========================================================================
Received Prepare
Registering precompiled user dll's ...
Registered in 0.000951 seconds.
Begin MonoManager ReloadAssembly
Native extension for WindowsStandalone target not found
Native extension for WebGL target not found
Refreshing native plugins compatible for Editor in 0.44 ms, found 1 plugins.
Preloading 0 native plugins for Editor in 0.00 ms.
Mono: successfully reloaded assembly
- Completed reload, in  0.745 seconds
Platform modules already initialized, skipping
Refreshing native plugins compatible for Editor in 0.42 ms, found 1 plugins.
Preloading 0 native plugins for Editor in 0.00 ms.
Unloading 1807 Unused Serialized files (Serialized files now loaded: 0)
System memory in use before: 90.9 MB.
System memory in use after: 90.9 MB.

Unloading 12 unused Assets to reduce memory usage. Loaded Objects now: 2306.
Total: 4.994900 ms (FindLiveObjects: 1.282100 ms CreateObjectMapping: 0.120500 ms MarkObjects: 3.379700 ms  DeleteObjects: 0.211200 ms)

========================================================================
Received Prepare
Registering precompiled user dll's ...
Registered in 0.000901 seconds.
Begin MonoManager ReloadAssembly
Native extension for WindowsStandalone target not found
Native extension for WebGL target not found
Refreshing native plugins compatible for Editor in 0.40 ms, found 1 plugins.
Preloading 0 native plugins for Editor in 0.00 ms.
Mono: successfully reloaded assembly
- Completed reload, in  0.695 seconds
Platform modules already initialized, skipping
Refreshing native plugins compatible for Editor in 0.47 ms, found 1 plugins.
Preloading 0 native plugins for Editor in 0.00 ms.
Unloading 1807 Unused Serialized files (Serialized files now loaded: 0)
System memory in use before: 91.0 MB.
System memory in use after: 90.9 MB.

Unloading 12 unused Assets to reduce memory usage. Loaded Objects now: 2310.
Total: 1.963100 ms (FindLiveObjects: 0.234800 ms CreateObjectMapping: 0.047400 ms MarkObjects: 1.543300 ms  DeleteObjects: 0.136200 ms)

========================================================================
Received Import Request.
  Time since last request: 199.161825 seconds.
  path: Assets/PlayerCreate.cs
  artifactKey: Guid(80632924d63bb9e42884a153a72dc988) Importer(815301076,1909f56bfc062723c751e8b465ee728b)
Start importing Assets/PlayerCreate.cs using Guid(80632924d63bb9e42884a153a72dc988) Importer(815301076,1909f56bfc062723c751e8b465ee728b)  -> (artifact id: '2c4a670553e178a3841173d825f08681') in 0.004942 seconds
  Import took 0.007802 seconds .

========================================================================
Received Prepare
Registering precompiled user dll's ...
Registered in 0.001047 seconds.
Begin MonoManager ReloadAssembly
Native extension for WindowsStandalone target not found
Native extension for WebGL target not found
Refreshing native plugins compatible for Editor in 0.85 ms, found 1 plugins.
Preloading 0 native plugins for Editor in 0.00 ms.
Mono: successfully reloaded assembly
- Completed reload, in  0.738 seconds
Platform modules already initialized, skipping
Refreshing native plugins compatible for Editor in 0.41 ms, found 1 plugins.
Preloading 0 native plugins for Editor in 0.00 ms.
Unloading 1807 Unused Serialized files (Serialized files now loaded: 0)
System memory in use before: 91.0 MB.
System memory in use after: 90.9 MB.

Unloading 12 unused Assets to reduce memory usage. Loaded Objects now: 2314.
Total: 3.872200 ms (FindLiveObjects: 0.863400 ms CreateObjectMapping: 0.076100 ms MarkObjects: 2.769200 ms  DeleteObjects: 0.158700 ms)

========================================================================
Received Prepare
Registering precompiled user dll's ...
Registered in 0.000867 seconds.
Begin MonoManager ReloadAssembly
Native extension for WindowsStandalone target not found
Native extension for WebGL target not found
Refreshing native plugins compatible for Editor in 0.44 ms, found 1 plugins.
Preloading 0 native plugins for Editor in 0.00 ms.
Mono: successfully reloaded assembly
- Completed reload, in  0.749 seconds
Platform modules already initialized, skipping
Refreshing native plugins compatible for Editor in 0.40 ms, found 1 plugins.
Preloading 0 native plugins for Editor in 0.00 ms.
Unloading 1807 Unused Serialized files (Serialized files now loaded: 0)
System memory in use before: 91.0 MB.
System memory in use after: 90.9 MB.

Unloading 12 unused Assets to reduce memory usage. Loaded Objects now: 2318.
Total: 2.112000 ms (FindLiveObjects: 0.292100 ms CreateObjectMapping: 0.041500 ms MarkObjects: 1.657200 ms  DeleteObjects: 0.120100 ms)

========================================================================
Received Prepare
Registering precompiled user dll's ...
Registered in 0.000850 seconds.
Begin MonoManager ReloadAssembly
Native extension for WindowsStandalone target not found
Native extension for WebGL target not found
Refreshing native plugins compatible for Editor in 1.24 ms, found 1 plugins.
Preloading 0 native plugins for Editor in 0.00 ms.
Mono: successfully reloaded assembly
- Completed reload, in  0.735 seconds
Platform modules already initialized, skipping
Refreshing native plugins compatible for Editor in 0.60 ms, found 1 plugins.
Preloading 0 native plugins for Editor in 0.00 ms.
Unloading 1807 Unused Serialized files (Serialized files now loaded: 0)
System memory in use before: 91.0 MB.
System memory in use after: 91.0 MB.

Unloading 12 unused Assets to reduce memory usage. Loaded Objects now: 2322.
Total: 2.118200 ms (FindLiveObjects: 0.254700 ms CreateObjectMapping: 0.042400 ms MarkObjects: 1.689400 ms  DeleteObjects: 0.130900 ms)

========================================================================
Received Import Request.
  Time since last request: 130.055789 seconds.
  path: Assets/Player_0.prefab
  artifactKey: Guid(31259622ef13f61419371b928345ff04) Importer(815301076,1909f56bfc062723c751e8b465ee728b)
Start importing Assets/Player_0.prefab using Guid(31259622ef13f61419371b928345ff04) Importer(815301076,1909f56bfc062723c751e8b465ee728b)  -> (artifact id: 'ecc20de225ccf39f29e9e0c2a808c4ad') in 0.048143 seconds
  Import took 0.051848 seconds .

